================================ PIPELINE SERVER STARTED ================================
31.12.2025 19:33:01 Intellious   ifw          IFW       NORMAL   [T:1074513984] 00340 - (ifw.ProcessLog.Module.ITO) The actual log level is NORMAL. All messages with this or higher severity will be logged.
31.12.2025 19:33:02 Intellious   ifw          IFW       NORMAL   [T:1074513984] 00132 - (ifw) Program Pipeline Server / Version 15.0.1.0.0 10136 started.
31.12.2025 19:33:02 Intellious   ifw          IFW       NORMAL   [T:1074513984] 00134 - (ifw) Copyright (c) 1998 - 2024, Oracle..
31.12.2025 19:33:02 Intellious   ifw          IFW       NORMAL   [T:1074513984] 00007 - (ifw) Registry subtree 'ifw.Web' not found.
31.12.2025 19:33:02 Intellious   ifw          IFW       NORMAL   [T:1074513984] 00613 - (ifw) Parallel loading has been disabled .
31.12.2025 19:33:02 Intellious   ifw          IFW       NORMAL   [T:1074513984] 00253 - (ifw.DataPool.RealtimePipeline.Module) Loading data module ifw.DataPool.RealtimePipeline.Module - Version v10022.
31.12.2025 19:33:02 Intellious   ifw          IFW       NORMAL   [T:1074513984] 00112 - (ifw.DataPool.RealtimePipeline.Module) No registry entry 'EnableCmShutdown' found.
31.12.2025 19:33:02 Intellious   ifw          IFW       NORMAL   [T:1063388928] 00503 - (ifw.Registry) Thread instance ID '1063388928'; and Name 'ifw.Registry'.
31.12.2025 19:33:02 Intellious   ifw          IFW       NORMAL   [T:1054533376] 00503 - (ifw.DataPool.RealtimePipeline.Module.ThreadPool) Thread instance ID '1054533376'; and Name 'ifw.DataPool.RealtimePipeline.Module.ThreadPool'.
31.12.2025 19:33:02 Intellious   ifw          IFW       NORMAL   [T:1046140672] 00503 - (ifw.DataPool.RealtimePipeline.Module.ThreadPool) Thread instance ID '1046140672'; and Name 'ifw.DataPool.RealtimePipeline.Module.ThreadPool'.
31.12.2025 19:33:02 Intellious   ifw          IFW       NORMAL   [T:1037747968] 00503 - (ifw.DataPool.RealtimePipeline.Module.ThreadPool) Thread instance ID '1037747968'; and Name 'ifw.DataPool.RealtimePipeline.Module.ThreadPool'.
31.12.2025 19:33:02 Intellious   ifw          IFW       NORMAL   [T:1029355264] 00503 - (ifw.DataPool.RealtimePipeline.Module.ThreadPool) Thread instance ID '1029355264'; and Name 'ifw.DataPool.RealtimePipeline.Module.ThreadPool'.
31.12.2025 19:33:02 Intellious   ifw          IFW       NORMAL   [T:1020962560] 00503 - (ifw.DataPool.RealtimePipeline.Module.ThreadPool) Thread instance ID '1020962560'; and Name 'ifw.DataPool.RealtimePipeline.Module.ThreadPool'.
31.12.2025 19:33:02 Intellious   ifw          IFW       NORMAL   [T:536868608] 00503 - (ifw.DataPool.RealtimePipeline.Module.ThreadPool) Thread instance ID '536868608'; and Name 'ifw.DataPool.RealtimePipeline.Module.ThreadPool'.
31.12.2025 19:33:02 Intellious   ifw          IFW       NORMAL   [T:528475904] 00503 - (ifw.DataPool.RealtimePipeline.Module.ThreadPool) Thread instance ID '528475904'; and Name 'ifw.DataPool.RealtimePipeline.Module.ThreadPool'.
31.12.2025 19:33:02 Intellious   ifw          IFW       NORMAL   [T:1074513984] 00253 - (ifw.DataPool.Login.Module) Loading data module ifw.DataPool.Login.Module - Version 10008.
31.12.2025 19:33:02 Intellious   ifw          IFW       NORMAL   [T:520083200] 00503 - (ifw.DataPool.RealtimePipeline.Module.ThreadPool) Thread instance ID '520083200'; and Name 'ifw.DataPool.RealtimePipeline.Module.ThreadPool'.
31.12.2025 19:33:03 Intellious   ifw          IFW       NORMAL   [T:1074513984] 00212 - (ifw.DataPool.Login.Module) Database 'BRM' version 'UNKNOWN' opened with user 'integrate'.
31.12.2025 19:33:03 Intellious   ifw          IFW       NORMAL   [T:1074513984] 00253 - (ifw.DataPool.LoginInfranet.Module) Loading data module ifw.DataPool.LoginInfranet.Module - Version 10008.
31.12.2025 19:33:03 Intellious   ifw          IFW       NORMAL   [T:1074513984] 00212 - (ifw.DataPool.LoginInfranet.Module) Database 'BRM' version 'UNKNOWN' opened with user 'pin15'.
31.12.2025 19:33:03 Intellious   ifw          IFW       NORMAL   [T:1074513984] 00253 - (ifw.DataPool.PortalConfigDataModule.Module) Loading data module ifw.DataPool.PortalConfigDataModule.Module - Version 10019.
31.12.2025 19:33:03 Intellious   ifw          IFW       NORMAL   [T:1074513984] 00253 - (ifw.DataPool.CustomerData.Module) Loading data module ifw.DataPool.CustomerData.Module - Version 10016.
31.12.2025 19:33:03 Intellious   ifw          IFW       NORMAL   [T:1074513984] 00253 - (ifw.DataPool.DiscountModelDataModule.Module) Loading data module ifw.DataPool.DiscountModelDataModule.Module - Version v10111.
31.12.2025 19:33:03 Intellious   ifw          IFW       NORMAL   [T:1074513984] 00253 - (ifw.DataPool.BalanceDataModule.Module) Loading data module ifw.DataPool.BalanceDataModule.Module - Version 10018.
31.12.2025 19:33:03 Intellious   ifw          IFW       NORMAL   [T:1074513984] 00253 - (ifw.DataPool.ZoneDataModule.Module) Loading data module ifw.DataPool.ZoneDataModule.Module - Version 10018.
31.12.2025 19:33:03 Intellious   ifw          IFW       NORMAL   [T:1074513984] 00253 - (ifw.DataPool.USCDataModule.Module) Loading data module ifw.DataPool.USCDataModule.Module - Version 10014.
31.12.2025 19:33:03 Intellious   ifw          IFW       NORMAL   [T:1074513984] 00253 - (ifw.DataPool.RateplanDataModule.Module) Loading data module ifw.DataPool.RateplanDataModule.Module - Version 10036.
31.12.2025 19:33:03 Intellious   ifw          IFW       NORMAL   [T:1074513984] 00253 - (ifw.DataPool.PriceDataModule.Module) Loading data module ifw.DataPool.PriceDataModule.Module - Version 10024.
31.12.2025 19:33:03 Intellious   ifw          IFW       NORMAL   [T:1074513984] 00253 - (ifw.DataPool.CalendarDataModule.Module) Loading data module ifw.DataPool.CalendarDataModule.Module - Version 10005.
31.12.2025 19:33:03 Intellious   ifw          IFW       NORMAL   [T:1074513984] 00253 - (ifw.DataPool.TimeDataModule.Module) Loading data module ifw.DataPool.TimeDataModule.Module - Version 10007.
31.12.2025 19:33:03 Intellious   ifw          IFW       NORMAL   [T:1074513984] 00253 - (ifw.DataPool.DayRateDataModule.Module) Loading data module ifw.DataPool.DayRateDataModule.Module - Version 10006.
31.12.2025 19:33:03 Intellious   ifw          IFW       NORMAL   [T:1074513984] 00253 - (ifw.DataPool.CurrencyDataModule.Module) Loading data module ifw.DataPool.CurrencyDataModule.Module - Version 10007.
31.12.2025 19:33:03 Intellious   ifw          IFW       NORMAL   [T:1074513984] 00253 - (ifw.DataPool.ModelSelectorDataModule.Module) Loading data module ifw.DataPool.ModelSelectorDataModule.Module - Version v10018.
31.12.2025 19:33:03 Intellious   ifw          IFW       NORMAL   [T:1074513984] 00008 - (ifw.Pipelines.DiscountPipeline0) Registry name 'ifw.Pipelines.DiscountPipeline0.CountryCode (default value 49)' not found.
31.12.2025 19:33:03 Intellious   ifw          IFW       NORMAL   [T:1074513984] 00008 - (ifw.Pipelines.DiscountPipeline0) Registry name 'ifw.Pipelines.DiscountPipeline0.MobileCountryCode (default value 262)' not found.
31.12.2025 19:33:03 Intellious   ifw          IFW       NORMAL   [T:1074513984] 00008 - (ifw.Pipelines.DiscountPipeline0) Registry name 'ifw.Pipelines.DiscountPipeline0.NationalAccessCode (default value 0)' not found.
31.12.2025 19:33:03 Intellious   ifw          IFW       NORMAL   [T:1074513984] 00008 - (ifw.Pipelines.DiscountPipeline0) Registry name 'ifw.Pipelines.DiscountPipeline0.InternationalAccessCode (default value 00)' not found.
31.12.2025 19:33:03 Intellious   ifw          IFW       NORMAL   [T:1074513984] 00008 - (ifw.Pipelines.DiscountPipeline0) Registry name 'ifw.Pipelines.DiscountPipeline0.NetworkDestinationCode (default value 172)' not found.
31.12.2025 19:33:03 Intellious   ifw          IFW       NORMAL   [T:1074513984] 00008 - (ifw.Pipelines.DiscountPipeline0) Registry name 'ifw.Pipelines.DiscountPipeline0.InternationalAccessCodeSign (default value +)' not found.
31.12.2025 19:33:03 Intellious   ifw          IFW       NORMAL   [T:1074513984] 00096 - (ifw.Pipelines.DiscountPipeline0.EdrFactory) Registry entry 'Realtime' not found.
31.12.2025 19:33:04 Intellious   ifw          IFW       NORMAL   [T:1074513984] 00112 - (ifw.Pipelines.DiscountPipeline0) No registry entry 'NoOutputUsed (default is false)' found.
31.12.2025 19:33:04 Intellious   ifw          IFW       WARNING  [T:1074513984] 00007 - (ifw.Pipelines.DiscountPipeline0.Output.Statistic) Registry subtree 'ifw.Pipelines.DiscountPipeline0.Output.Statistic' not found.
31.12.2025 19:33:04 Intellious   ifw          IFW       WARNING  [T:1074513984] 00008 - (ifw.Pipelines.DiscountPipeline0.Output) Registry name 'ifw.Pipelines.DiscountPipeline0.Output.Sequencer' not found.
31.12.2025 19:33:04 Intellious   ifw          IFW       WARNING  [T:1074513984] 00008 - (ifw.Pipelines.DiscountPipeline0.Output.OutputCollection.PcmOutput.Module) Registry name 'ifw.Pipelines.DiscountPipeline0.Output.OutputCollection.PcmOutput.Module.Sequencer' not found.
31.12.2025 19:33:04 Intellious   ifw          IFW       NORMAL   [T:1074513984] 00000 - (ifw.Pipelines.DiscountPipeline0.Functions.Standard.FunctionPool.ApolloDiscountModule.Module) INF_REG_NAME_NOT_FOUND
31.12.2025 19:33:04 Intellious   ifw          IFW       NORMAL   [T:1074513984] 00000 - (ifw.Pipelines.DiscountPipeline0.Functions.Standard.FunctionPool.ApolloDiscountModule.Module) INF_REG_NAME_NOT_FOUND
31.12.2025 19:33:04 Intellious   ifw          IFW       NORMAL   [T:1074513984] 00000 - (ifw.Pipelines.DiscountPipeline0.Functions.Standard.FunctionPool.ApolloDiscountModule.Module) INF_REG_NAME_NOT_FOUND
31.12.2025 19:33:04 Intellious   ifw          IFW       NORMAL   [T:1074513984] 00008 - (ifw.Pipelines.DiscountPipeline1) Registry name 'ifw.Pipelines.DiscountPipeline1.CountryCode (default value 49)' not found.
31.12.2025 19:33:04 Intellious   ifw          IFW       NORMAL   [T:1074513984] 00008 - (ifw.Pipelines.DiscountPipeline1) Registry name 'ifw.Pipelines.DiscountPipeline1.MobileCountryCode (default value 262)' not found.
31.12.2025 19:33:04 Intellious   ifw          IFW       NORMAL   [T:1074513984] 00008 - (ifw.Pipelines.DiscountPipeline1) Registry name 'ifw.Pipelines.DiscountPipeline1.NationalAccessCode (default value 0)' not found.
31.12.2025 19:33:04 Intellious   ifw          IFW       NORMAL   [T:1074513984] 00008 - (ifw.Pipelines.DiscountPipeline1) Registry name 'ifw.Pipelines.DiscountPipeline1.InternationalAccessCode (default value 00)' not found.
31.12.2025 19:33:04 Intellious   ifw          IFW       NORMAL   [T:1074513984] 00008 - (ifw.Pipelines.DiscountPipeline1) Registry name 'ifw.Pipelines.DiscountPipeline1.NetworkDestinationCode (default value 172)' not found.
31.12.2025 19:33:04 Intellious   ifw          IFW       NORMAL   [T:1074513984] 00008 - (ifw.Pipelines.DiscountPipeline1) Registry name 'ifw.Pipelines.DiscountPipeline1.InternationalAccessCodeSign (default value +)' not found.
31.12.2025 19:33:04 Intellious   ifw          IFW       NORMAL   [T:1074513984] 00096 - (ifw.Pipelines.DiscountPipeline1.EdrFactory) Registry entry 'Realtime' not found.
31.12.2025 19:33:04 Intellious   ifw          IFW       NORMAL   [T:1074513984] 00112 - (ifw.Pipelines.DiscountPipeline1) No registry entry 'NoOutputUsed (default is false)' found.
31.12.2025 19:33:04 Intellious   ifw          IFW       WARNING  [T:1074513984] 00007 - (ifw.Pipelines.DiscountPipeline1.Output.Statistic) Registry subtree 'ifw.Pipelines.DiscountPipeline1.Output.Statistic' not found.
31.12.2025 19:33:04 Intellious   ifw          IFW       WARNING  [T:1074513984] 00008 - (ifw.Pipelines.DiscountPipeline1.Output) Registry name 'ifw.Pipelines.DiscountPipeline1.Output.Sequencer' not found.
31.12.2025 19:33:04 Intellious   ifw          IFW       WARNING  [T:1074513984] 00008 - (ifw.Pipelines.DiscountPipeline1.Output.OutputCollection.PcmOutput.Module) Registry name 'ifw.Pipelines.DiscountPipeline1.Output.OutputCollection.PcmOutput.Module.Sequencer' not found.
31.12.2025 19:33:04 Intellious   ifw          IFW       NORMAL   [T:1074513984] 00000 - (ifw.Pipelines.DiscountPipeline1.Functions.Standard.FunctionPool.ApolloDiscountModule.Module) INF_REG_NAME_NOT_FOUND
31.12.2025 19:33:04 Intellious   ifw          IFW       NORMAL   [T:1074513984] 00000 - (ifw.Pipelines.DiscountPipeline1.Functions.Standard.FunctionPool.ApolloDiscountModule.Module) INF_REG_NAME_NOT_FOUND
31.12.2025 19:33:04 Intellious   ifw          IFW       NORMAL   [T:1074513984] 00000 - (ifw.Pipelines.DiscountPipeline1.Functions.Standard.FunctionPool.ApolloDiscountModule.Module) INF_REG_NAME_NOT_FOUND
31.12.2025 19:33:04 Intellious   ifw          IFW       NORMAL   [T:1074513984] 00008 - (ifw.Pipelines.RealtimePipelineGSM0) Registry name 'ifw.Pipelines.RealtimePipelineGSM0.CountryCode (default value 49)' not found.
31.12.2025 19:33:04 Intellious   ifw          IFW       NORMAL   [T:1074513984] 00008 - (ifw.Pipelines.RealtimePipelineGSM0) Registry name 'ifw.Pipelines.RealtimePipelineGSM0.MobileCountryCode (default value 262)' not found.
31.12.2025 19:33:04 Intellious   ifw          IFW       NORMAL   [T:1074513984] 00008 - (ifw.Pipelines.RealtimePipelineGSM0) Registry name 'ifw.Pipelines.RealtimePipelineGSM0.NationalAccessCode (default value 0)' not found.
31.12.2025 19:33:04 Intellious   ifw          IFW       NORMAL   [T:1074513984] 00008 - (ifw.Pipelines.RealtimePipelineGSM0) Registry name 'ifw.Pipelines.RealtimePipelineGSM0.InternationalAccessCode (default value 00)' not found.
31.12.2025 19:33:04 Intellious   ifw          IFW       NORMAL   [T:1074513984] 00008 - (ifw.Pipelines.RealtimePipelineGSM0) Registry name 'ifw.Pipelines.RealtimePipelineGSM0.NetworkDestinationCode (default value 172)' not found.
31.12.2025 19:33:04 Intellious   ifw          IFW       NORMAL   [T:1074513984] 00008 - (ifw.Pipelines.RealtimePipelineGSM0) Registry name 'ifw.Pipelines.RealtimePipelineGSM0.InternationalAccessCodeSign (default value +)' not found.
31.12.2025 19:33:04 Intellious   ifw          IFW       NORMAL   [T:1074513984] 00096 - (ifw.Pipelines.RealtimePipelineGSM0.EdrFactory) Registry entry 'Realtime' not found.
31.12.2025 19:33:04 Intellious   ifw          IFW       NORMAL   [T:1074513984] 00112 - (ifw.Pipelines.RealtimePipelineGSM0) No registry entry 'NoOutputUsed (default is false)' found.
31.12.2025 19:33:04 Intellious   ifw          IFW       WARNING  [T:1074513984] 00007 - (ifw.Pipelines.RealtimePipelineGSM0.Output.Statistic) Registry subtree 'ifw.Pipelines.RealtimePipelineGSM0.Output.Statistic' not found.
31.12.2025 19:33:04 Intellious   ifw          IFW       WARNING  [T:1074513984] 00008 - (ifw.Pipelines.RealtimePipelineGSM0.Output) Registry name 'ifw.Pipelines.RealtimePipelineGSM0.Output.Sequencer' not found.
31.12.2025 19:33:04 Intellious   ifw          IFW       WARNING  [T:1074513984] 00008 - (ifw.Pipelines.RealtimePipelineGSM0.Output.OutputCollection.DevNull.Module) Registry name 'ifw.Pipelines.RealtimePipelineGSM0.Output.OutputCollection.DevNull.Module.Sequencer' not found.
31.12.2025 19:33:04 Intellious   ifw          IFW       WARNING  [T:1074513984] 00008 - (ifw.Pipelines.RealtimePipelineGSM0.Output.OutputCollection.PcmOutput.Module) Registry name 'ifw.Pipelines.RealtimePipelineGSM0.Output.OutputCollection.PcmOutput.Module.Sequencer' not found.
31.12.2025 19:33:05 Intellious   ifw          IFW       NORMAL   [T:1074513984] 00000 - (ifw.Pipelines.RealtimePipelineGSM0.Functions.Standard.FunctionPool.ApolloDiscountModule.Module) INF_REG_NAME_NOT_FOUND
31.12.2025 19:33:05 Intellious   ifw          IFW       NORMAL   [T:1074513984] 00000 - (ifw.Pipelines.RealtimePipelineGSM0.Functions.Standard.FunctionPool.ApolloDiscountModule.Module) INF_REG_NAME_NOT_FOUND
31.12.2025 19:33:05 Intellious   ifw          IFW       NORMAL   [T:1074513984] 00000 - (ifw.Pipelines.RealtimePipelineGSM0.Functions.Standard.FunctionPool.ApolloDiscountModule.Module) INF_REG_NAME_NOT_FOUND
31.12.2025 19:33:05 Intellious   ifw          IFW       NORMAL   [T:1074513984] 00008 - (ifw.Pipelines.RealtimePipelineGSM1) Registry name 'ifw.Pipelines.RealtimePipelineGSM1.CountryCode (default value 49)' not found.
31.12.2025 19:33:05 Intellious   ifw          IFW       NORMAL   [T:1074513984] 00008 - (ifw.Pipelines.RealtimePipelineGSM1) Registry name 'ifw.Pipelines.RealtimePipelineGSM1.MobileCountryCode (default value 262)' not found.
31.12.2025 19:33:05 Intellious   ifw          IFW       NORMAL   [T:1074513984] 00008 - (ifw.Pipelines.RealtimePipelineGSM1) Registry name 'ifw.Pipelines.RealtimePipelineGSM1.NationalAccessCode (default value 0)' not found.
31.12.2025 19:33:05 Intellious   ifw          IFW       NORMAL   [T:1074513984] 00008 - (ifw.Pipelines.RealtimePipelineGSM1) Registry name 'ifw.Pipelines.RealtimePipelineGSM1.InternationalAccessCode (default value 00)' not found.
31.12.2025 19:33:05 Intellious   ifw          IFW       NORMAL   [T:1074513984] 00008 - (ifw.Pipelines.RealtimePipelineGSM1) Registry name 'ifw.Pipelines.RealtimePipelineGSM1.NetworkDestinationCode (default value 172)' not found.
31.12.2025 19:33:05 Intellious   ifw          IFW       NORMAL   [T:1074513984] 00008 - (ifw.Pipelines.RealtimePipelineGSM1) Registry name 'ifw.Pipelines.RealtimePipelineGSM1.InternationalAccessCodeSign (default value +)' not found.
31.12.2025 19:33:05 Intellious   ifw          IFW       NORMAL   [T:1074513984] 00096 - (ifw.Pipelines.RealtimePipelineGSM1.EdrFactory) Registry entry 'Realtime' not found.
31.12.2025 19:33:05 Intellious   ifw          IFW       NORMAL   [T:1074513984] 00112 - (ifw.Pipelines.RealtimePipelineGSM1) No registry entry 'NoOutputUsed (default is false)' found.
31.12.2025 19:33:05 Intellious   ifw          IFW       WARNING  [T:1074513984] 00007 - (ifw.Pipelines.RealtimePipelineGSM1.Output.Statistic) Registry subtree 'ifw.Pipelines.RealtimePipelineGSM1.Output.Statistic' not found.
31.12.2025 19:33:05 Intellious   ifw          IFW       WARNING  [T:1074513984] 00008 - (ifw.Pipelines.RealtimePipelineGSM1.Output) Registry name 'ifw.Pipelines.RealtimePipelineGSM1.Output.Sequencer' not found.
31.12.2025 19:33:05 Intellious   ifw          IFW       WARNING  [T:1074513984] 00008 - (ifw.Pipelines.RealtimePipelineGSM1.Output.OutputCollection.DevNull.Module) Registry name 'ifw.Pipelines.RealtimePipelineGSM1.Output.OutputCollection.DevNull.Module.Sequencer' not found.
31.12.2025 19:33:05 Intellious   ifw          IFW       WARNING  [T:1074513984] 00008 - (ifw.Pipelines.RealtimePipelineGSM1.Output.OutputCollection.PcmOutput.Module) Registry name 'ifw.Pipelines.RealtimePipelineGSM1.Output.OutputCollection.PcmOutput.Module.Sequencer' not found.
31.12.2025 19:33:05 Intellious   ifw          IFW       NORMAL   [T:1074513984] 00000 - (ifw.Pipelines.RealtimePipelineGSM1.Functions.Standard.FunctionPool.ApolloDiscountModule.Module) INF_REG_NAME_NOT_FOUND
31.12.2025 19:33:05 Intellious   ifw          IFW       NORMAL   [T:1074513984] 00000 - (ifw.Pipelines.RealtimePipelineGSM1.Functions.Standard.FunctionPool.ApolloDiscountModule.Module) INF_REG_NAME_NOT_FOUND
31.12.2025 19:33:05 Intellious   ifw          IFW       NORMAL   [T:1074513984] 00000 - (ifw.Pipelines.RealtimePipelineGSM1.Functions.Standard.FunctionPool.ApolloDiscountModule.Module) INF_REG_NAME_NOT_FOUND
31.12.2025 19:33:05 Intellious   ifw          IFW       NORMAL   [T:1074513984] 00008 - (ifw.Pipelines.RealtimePipelineGPRS0) Registry name 'ifw.Pipelines.RealtimePipelineGPRS0.CountryCode (default value 49)' not found.
31.12.2025 19:33:05 Intellious   ifw          IFW       NORMAL   [T:1074513984] 00008 - (ifw.Pipelines.RealtimePipelineGPRS0) Registry name 'ifw.Pipelines.RealtimePipelineGPRS0.MobileCountryCode (default value 262)' not found.
31.12.2025 19:33:05 Intellious   ifw          IFW       NORMAL   [T:1074513984] 00008 - (ifw.Pipelines.RealtimePipelineGPRS0) Registry name 'ifw.Pipelines.RealtimePipelineGPRS0.NationalAccessCode (default value 0)' not found.
31.12.2025 19:33:05 Intellious   ifw          IFW       NORMAL   [T:1074513984] 00008 - (ifw.Pipelines.RealtimePipelineGPRS0) Registry name 'ifw.Pipelines.RealtimePipelineGPRS0.InternationalAccessCode (default value 00)' not found.
31.12.2025 19:33:05 Intellious   ifw          IFW       NORMAL   [T:1074513984] 00008 - (ifw.Pipelines.RealtimePipelineGPRS0) Registry name 'ifw.Pipelines.RealtimePipelineGPRS0.NetworkDestinationCode (default value 172)' not found.
31.12.2025 19:33:05 Intellious   ifw          IFW       NORMAL   [T:1074513984] 00008 - (ifw.Pipelines.RealtimePipelineGPRS0) Registry name 'ifw.Pipelines.RealtimePipelineGPRS0.InternationalAccessCodeSign (default value +)' not found.
31.12.2025 19:33:05 Intellious   ifw          IFW       NORMAL   [T:1074513984] 00096 - (ifw.Pipelines.RealtimePipelineGPRS0.EdrFactory) Registry entry 'Realtime' not found.
31.12.2025 19:33:05 Intellious   ifw          IFW       NORMAL   [T:1074513984] 00112 - (ifw.Pipelines.RealtimePipelineGPRS0) No registry entry 'NoOutputUsed (default is false)' found.
31.12.2025 19:33:05 Intellious   ifw          IFW       WARNING  [T:1074513984] 00007 - (ifw.Pipelines.RealtimePipelineGPRS0.Output.Statistic) Registry subtree 'ifw.Pipelines.RealtimePipelineGPRS0.Output.Statistic' not found.
31.12.2025 19:33:05 Intellious   ifw          IFW       WARNING  [T:1074513984] 00008 - (ifw.Pipelines.RealtimePipelineGPRS0.Output) Registry name 'ifw.Pipelines.RealtimePipelineGPRS0.Output.Sequencer' not found.
31.12.2025 19:33:05 Intellious   ifw          IFW       WARNING  [T:1074513984] 00008 - (ifw.Pipelines.RealtimePipelineGPRS0.Output.OutputCollection.DevNull.Module) Registry name 'ifw.Pipelines.RealtimePipelineGPRS0.Output.OutputCollection.DevNull.Module.Sequencer' not found.
31.12.2025 19:33:05 Intellious   ifw          IFW       WARNING  [T:1074513984] 00008 - (ifw.Pipelines.RealtimePipelineGPRS0.Output.OutputCollection.PcmOutput.Module) Registry name 'ifw.Pipelines.RealtimePipelineGPRS0.Output.OutputCollection.PcmOutput.Module.Sequencer' not found.
31.12.2025 19:33:06 Intellious   ifw          IFW       NORMAL   [T:1074513984] 00000 - (ifw.Pipelines.RealtimePipelineGPRS0.Functions.Standard.FunctionPool.ApolloDiscountModule.Module) INF_REG_NAME_NOT_FOUND
31.12.2025 19:33:06 Intellious   ifw          IFW       NORMAL   [T:1074513984] 00000 - (ifw.Pipelines.RealtimePipelineGPRS0.Functions.Standard.FunctionPool.ApolloDiscountModule.Module) INF_REG_NAME_NOT_FOUND
31.12.2025 19:33:06 Intellious   ifw          IFW       NORMAL   [T:1074513984] 00000 - (ifw.Pipelines.RealtimePipelineGPRS0.Functions.Standard.FunctionPool.ApolloDiscountModule.Module) INF_REG_NAME_NOT_FOUND
31.12.2025 19:33:06 Intellious   ifw          IFW       NORMAL   [T:1074513984] 00008 - (ifw.Pipelines.RealtimePipelineGPRS1) Registry name 'ifw.Pipelines.RealtimePipelineGPRS1.CountryCode (default value 49)' not found.
31.12.2025 19:33:06 Intellious   ifw          IFW       NORMAL   [T:1074513984] 00008 - (ifw.Pipelines.RealtimePipelineGPRS1) Registry name 'ifw.Pipelines.RealtimePipelineGPRS1.MobileCountryCode (default value 262)' not found.
31.12.2025 19:33:06 Intellious   ifw          IFW       NORMAL   [T:1074513984] 00008 - (ifw.Pipelines.RealtimePipelineGPRS1) Registry name 'ifw.Pipelines.RealtimePipelineGPRS1.NationalAccessCode (default value 0)' not found.
31.12.2025 19:33:06 Intellious   ifw          IFW       NORMAL   [T:1074513984] 00008 - (ifw.Pipelines.RealtimePipelineGPRS1) Registry name 'ifw.Pipelines.RealtimePipelineGPRS1.InternationalAccessCode (default value 00)' not found.
31.12.2025 19:33:06 Intellious   ifw          IFW       NORMAL   [T:1074513984] 00008 - (ifw.Pipelines.RealtimePipelineGPRS1) Registry name 'ifw.Pipelines.RealtimePipelineGPRS1.NetworkDestinationCode (default value 172)' not found.
31.12.2025 19:33:06 Intellious   ifw          IFW       NORMAL   [T:1074513984] 00008 - (ifw.Pipelines.RealtimePipelineGPRS1) Registry name 'ifw.Pipelines.RealtimePipelineGPRS1.InternationalAccessCodeSign (default value +)' not found.
31.12.2025 19:33:06 Intellious   ifw          IFW       NORMAL   [T:1074513984] 00096 - (ifw.Pipelines.RealtimePipelineGPRS1.EdrFactory) Registry entry 'Realtime' not found.
31.12.2025 19:33:06 Intellious   ifw          IFW       NORMAL   [T:1074513984] 00112 - (ifw.Pipelines.RealtimePipelineGPRS1) No registry entry 'NoOutputUsed (default is false)' found.
31.12.2025 19:33:06 Intellious   ifw          IFW       WARNING  [T:1074513984] 00007 - (ifw.Pipelines.RealtimePipelineGPRS1.Output.Statistic) Registry subtree 'ifw.Pipelines.RealtimePipelineGPRS1.Output.Statistic' not found.
31.12.2025 19:33:06 Intellious   ifw          IFW       WARNING  [T:1074513984] 00008 - (ifw.Pipelines.RealtimePipelineGPRS1.Output) Registry name 'ifw.Pipelines.RealtimePipelineGPRS1.Output.Sequencer' not found.
31.12.2025 19:33:06 Intellious   ifw          IFW       WARNING  [T:1074513984] 00008 - (ifw.Pipelines.RealtimePipelineGPRS1.Output.OutputCollection.DevNull.Module) Registry name 'ifw.Pipelines.RealtimePipelineGPRS1.Output.OutputCollection.DevNull.Module.Sequencer' not found.
31.12.2025 19:33:06 Intellious   ifw          IFW       WARNING  [T:1074513984] 00008 - (ifw.Pipelines.RealtimePipelineGPRS1.Output.OutputCollection.PcmOutput.Module) Registry name 'ifw.Pipelines.RealtimePipelineGPRS1.Output.OutputCollection.PcmOutput.Module.Sequencer' not found.
31.12.2025 19:33:06 Intellious   ifw          IFW       NORMAL   [T:1074513984] 00000 - (ifw.Pipelines.RealtimePipelineGPRS1.Functions.Standard.FunctionPool.ApolloDiscountModule.Module) INF_REG_NAME_NOT_FOUND
31.12.2025 19:33:06 Intellious   ifw          IFW       NORMAL   [T:1074513984] 00000 - (ifw.Pipelines.RealtimePipelineGPRS1.Functions.Standard.FunctionPool.ApolloDiscountModule.Module) INF_REG_NAME_NOT_FOUND
31.12.2025 19:33:06 Intellious   ifw          IFW       NORMAL   [T:1074513984] 00000 - (ifw.Pipelines.RealtimePipelineGPRS1.Functions.Standard.FunctionPool.ApolloDiscountModule.Module) INF_REG_NAME_NOT_FOUND
31.12.2025 19:33:06 Intellious   ifw          IFW       NORMAL   [T:1074513984] 00008 - (ifw.Pipelines.RealtimePipelineZone0) Registry name 'ifw.Pipelines.RealtimePipelineZone0.CountryCode (default value 49)' not found.
31.12.2025 19:33:06 Intellious   ifw          IFW       NORMAL   [T:1074513984] 00008 - (ifw.Pipelines.RealtimePipelineZone0) Registry name 'ifw.Pipelines.RealtimePipelineZone0.MobileCountryCode (default value 262)' not found.
31.12.2025 19:33:06 Intellious   ifw          IFW       NORMAL   [T:1074513984] 00008 - (ifw.Pipelines.RealtimePipelineZone0) Registry name 'ifw.Pipelines.RealtimePipelineZone0.NationalAccessCode (default value 0)' not found.
31.12.2025 19:33:06 Intellious   ifw          IFW       NORMAL   [T:1074513984] 00008 - (ifw.Pipelines.RealtimePipelineZone0) Registry name 'ifw.Pipelines.RealtimePipelineZone0.InternationalAccessCode (default value 00)' not found.
31.12.2025 19:33:06 Intellious   ifw          IFW       NORMAL   [T:1074513984] 00008 - (ifw.Pipelines.RealtimePipelineZone0) Registry name 'ifw.Pipelines.RealtimePipelineZone0.NetworkDestinationCode (default value 172)' not found.
31.12.2025 19:33:06 Intellious   ifw          IFW       NORMAL   [T:1074513984] 00008 - (ifw.Pipelines.RealtimePipelineZone0) Registry name 'ifw.Pipelines.RealtimePipelineZone0.InternationalAccessCodeSign (default value +)' not found.
31.12.2025 19:33:06 Intellious   ifw          IFW       NORMAL   [T:1074513984] 00096 - (ifw.Pipelines.RealtimePipelineZone0.EdrFactory) Registry entry 'Realtime' not found.
31.12.2025 19:33:06 Intellious   ifw          IFW       NORMAL   [T:1074513984] 00112 - (ifw.Pipelines.RealtimePipelineZone0) No registry entry 'NoOutputUsed (default is false)' found.
31.12.2025 19:33:06 Intellious   ifw          IFW       WARNING  [T:1074513984] 00007 - (ifw.Pipelines.RealtimePipelineZone0.Output.Statistic) Registry subtree 'ifw.Pipelines.RealtimePipelineZone0.Output.Statistic' not found.
31.12.2025 19:33:06 Intellious   ifw          IFW       WARNING  [T:1074513984] 00008 - (ifw.Pipelines.RealtimePipelineZone0.Output) Registry name 'ifw.Pipelines.RealtimePipelineZone0.Output.Sequencer' not found.
31.12.2025 19:33:06 Intellious   ifw          IFW       WARNING  [T:1074513984] 00008 - (ifw.Pipelines.RealtimePipelineZone0.Output.OutputCollection.PcmOutput.Module) Registry name 'ifw.Pipelines.RealtimePipelineZone0.Output.OutputCollection.PcmOutput.Module.Sequencer' not found.
31.12.2025 19:33:06 Intellious   ifw          IFW       NORMAL   [T:1074513984] 40213 - (ifw.DataPool.PortalConfigDataModule.Module) Successfully loaded tax code map data.
31.12.2025 19:33:06 Intellious   ifw          IFW       NORMAL   [T:1074513984] 00000 - (ifw.DataPool.PortalConfigDataModule.Module) NO_STATUS
31.12.2025 19:33:06 Intellious   ifw          IFW       NORMAL   [T:1074513984] 00188 - (ifw.DataPool.PortalConfigDataModule.Module) Start data loading from database table 'starting to load ood config data'.
31.12.2025 19:33:07 Intellious   ifw          IFW       NORMAL   [T:1074513984] 40202 - (ifw.DataPool.PortalConfigDataModule.Module) Successfully loaded OOD data.
31.12.2025 19:33:07 Intellious   ifw          IFW       NORMAL   [T:1074513984] 00188 - (ifw.DataPool.PortalConfigDataModule.Module) Start data loading from database table 'starting to load bus_params config data'.
31.12.2025 19:33:07 Intellious   ifw          IFW       NORMAL   [T:1074513984] 40204 - (ifw.DataPool.PortalConfigDataModule.Module) Successfully loaded CBP data.
31.12.2025 19:33:07 Intellious   ifw          IFW       NORMAL   [T:1074513984] 00188 - (ifw.DataPool.PortalConfigDataModule.Module) Start data loading from database table 'starting to load business profile  config data'.
31.12.2025 19:33:07 Intellious   ifw          IFW       NORMAL   [T:1074513984] 00000 - (ifw.DataPool.PortalConfigDataModule.Module) INF_LOADED_CBPROFILE_DATA
31.12.2025 19:33:07 Intellious   ifw          IFW       NORMAL   [T:1074513984] 30931 - (ifw.DataPool.DiscountModelDataModule.Module) Start loading discount objects from database.
31.12.2025 19:33:07 Intellious   ifw          IFW       NORMAL   [T:1074513984] 30932 - (ifw.DataPool.DiscountModelDataModule.Module) Loading of discount objects finished.
31.12.2025 19:33:07 Intellious   ifw          IFW       NORMAL   [T:1074513984] 30933 - (ifw.DataPool.DiscountModelDataModule.Module) Start loading sponsorship objects from database.
31.12.2025 19:33:07 Intellious   ifw          IFW       NORMAL   [T:1074513984] 30934 - (ifw.DataPool.DiscountModelDataModule.Module) Loading of sponsorship objects finished.
31.12.2025 19:33:07 Intellious   ifw          IFW       NORMAL   [T:1074513984] 30805 - (ifw.DataPool.DiscountModelDataModule.Module) Start loading discount models from database.
31.12.2025 19:33:07 Intellious   ifw          IFW       NORMAL   [T:1074513984] 30806 - (ifw.DataPool.DiscountModelDataModule.Module) Loading of discount models finished.
31.12.2025 19:33:07 Intellious   ifw          IFW       NORMAL   [T:1074513984] 30812 - (ifw.DataPool.DiscountModelDataModule.Module) Start loading discount trigger and conditions.
31.12.2025 19:33:07 Intellious   ifw          IFW       NORMAL   [T:1074513984] 30813 - (ifw.DataPool.DiscountModelDataModule.Module) Loading of discount trigger and conditions finished.
31.12.2025 19:33:07 Intellious   ifw          IFW       NORMAL   [T:1074513984] 30807 - (ifw.DataPool.DiscountModelDataModule.Module) Start loading discount model filter from database.
31.12.2025 19:33:08 Intellious   ifw          IFW       NORMAL   [T:1074513984] 30808 - (ifw.DataPool.DiscountModelDataModule.Module) Loading of discount model filter finished.
31.12.2025 19:33:08 Intellious   ifw          IFW       NORMAL   [T:1074513984] 30809 - (ifw.DataPool.DiscountModelDataModule.Module) Start loading discount rules from database.
31.12.2025 19:33:08 Intellious   ifw          IFW       NORMAL   [T:1074513984] 30810 - (ifw.DataPool.DiscountModelDataModule.Module) Loading of discount rules finished.
31.12.2025 19:33:08 Intellious   ifw          IFW       NORMAL   [T:1074513984] 30929 - (ifw.DataPool.DiscountModelDataModule.Module) Loading event contributor map started.
31.12.2025 19:33:08 Intellious   ifw          IFW       NORMAL   [T:1074513984] 30930 - (ifw.DataPool.DiscountModelDataModule.Module) Loading event contributor map finished.
31.12.2025 19:33:08 Intellious   ifw          IFW       NORMAL   [T:1074513984] 00268 - (ifw.DataPool.ZoneDataModule.Module) Start loading data for data module ifw.DataPool.ZoneDataModule.Module.
31.12.2025 19:33:11 Intellious   ifw          IFW       NORMAL   [T:1074513984] 30603 - (ifw.DataPool.ZoneDataModule.Module) 2 zone models successfully loaded.
31.12.2025 19:33:11 Intellious   ifw          IFW       NORMAL   [T:1074513984] 00186 - (ifw.DataPool.USCDataModule.Module) Start data loading from file ''.
31.12.2025 19:33:11 Intellious   ifw          IFW       NORMAL   [T:1074513984] 17404 - (ifw.DataPool.USCDataModule.Module) 7 USC Entries loaded. USC mapping entries loaded.
31.12.2025 19:33:11 Intellious   ifw          IFW       NORMAL   [T:1074513984] 00187 - (ifw.DataPool.USCDataModule.Module) Finished data loading ().
31.12.2025 19:33:11 Intellious   ifw          IFW       NORMAL   [T:1074513984] 00268 - (ifw.DataPool.RateplanDataModule.Module) Start loading data for data module ifw.DataPool.RateplanDataModule.Module.
31.12.2025 19:33:11 Intellious   ifw          IFW       NORMAL   [T:1074513984] 30401 - (ifw.DataPool.RateplanDataModule.Module) 0000005 rateplan(s) loaded successfully into memory.
31.12.2025 19:33:11 Intellious   ifw          IFW       NORMAL   [T:1074513984] 00268 - (ifw.DataPool.PriceDataModule.Module) Start loading data for data module ifw.DataPool.PriceDataModule.Module.
31.12.2025 19:33:12 Intellious   ifw          IFW       NORMAL   [T:1074513984] 30301 - (ifw.DataPool.PriceDataModule.Module) 45 price models with 76 config entries loaded into memory.
31.12.2025 19:33:12 Intellious   ifw          IFW       NORMAL   [T:1074513984] 00268 - (ifw.DataPool.CalendarDataModule.Module) Start loading data for data module ifw.DataPool.CalendarDataModule.Module.
31.12.2025 19:33:12 Intellious   ifw          IFW       NORMAL   [T:1074513984] 00245 - (ifw.DataPool.CalendarDataModule.Module) 0000006 calendar entries loaded into memory.
31.12.2025 19:33:12 Intellious   ifw          IFW       NORMAL   [T:1074513984] 00268 - (ifw.DataPool.TimeDataModule.Module) Start loading data for data module ifw.DataPool.TimeDataModule.Module.
31.12.2025 19:33:12 Intellious   ifw          IFW       NORMAL   [T:1074513984] 00250 - (ifw.DataPool.TimeDataModule.Module) 0000004 time models loaded into memory.
31.12.2025 19:33:12 Intellious   ifw          IFW       NORMAL   [T:1074513984] 00268 - (ifw.DataPool.DayRateDataModule.Module) Start loading data for data module ifw.DataPool.DayRateDataModule.Module.
31.12.2025 19:33:12 Intellious   ifw          IFW       NORMAL   [T:1074513984] 00248 - (ifw.DataPool.DayRateDataModule.Module) 0000002 dayrates loaded into memory.
31.12.2025 19:33:12 Intellious   ifw          IFW       NORMAL   [T:1074513984] 00188 - (ifw.DataPool.CurrencyDataModule.Module) Start data loading from database table 'config_beid_balances_t'.
31.12.2025 19:33:12 Intellious   ifw          IFW       NORMAL   [T:1074513984] 00000 - (ifw.DataPool.ModelSelectorDataModule.Module) INF_MODEL_SELECTOR_BEGIN
31.12.2025 19:33:12 Intellious   ifw          IFW       NORMAL   [T:1074513984] 00000 - (ifw.DataPool.ModelSelectorDataModule.Module) INF_SELECTOR_DETAIL_BEGIN
31.12.2025 19:33:12 Intellious   ifw          IFW       NORMAL   [T:1074513984] 00000 - (ifw.DataPool.ModelSelectorDataModule.Module) INF_SELECTOR_DETAIL_END
31.12.2025 19:33:12 Intellious   ifw          IFW       NORMAL   [T:1074513984] 00000 - (ifw.DataPool.ModelSelectorDataModule.Module) INF_SELECTOR_RULE_BEGIN
31.12.2025 19:33:13 Intellious   ifw          IFW       NORMAL   [T:1074513984] 00000 - (ifw.DataPool.ModelSelectorDataModule.Module) INF_SELECTOR_RULE_END
31.12.2025 19:33:13 Intellious   ifw          IFW       NORMAL   [T:1074513984] 00000 - (ifw.DataPool.ModelSelectorDataModule.Module) INF_SELECTOR_BEGIN
31.12.2025 19:33:13 Intellious   ifw          IFW       NORMAL   [T:1074513984] 00000 - (ifw.DataPool.ModelSelectorDataModule.Module) INF_SELECTOR_END
31.12.2025 19:33:13 Intellious   ifw          IFW       NORMAL   [T:1074513984] 00000 - (ifw.DataPool.ModelSelectorDataModule.Module) INF_MODEL_SELECTOR_END
31.12.2025 19:33:13 Intellious   ifw          IFW       NORMAL   [T:1074513984] 00000 - (ifw.Pipelines.DiscountPipeline0.Functions.Standard.FunctionPool.ApolloDiscountModule.Module) Discount module running in REALTIME mode
31.12.2025 19:33:13 Intellious   ifw          IFW       NORMAL   [T:1074513984] 00000 - (ifw.Pipelines.DiscountPipeline0.Functions.Standard.FunctionPool.ApolloDiscountModule.Module) Discount IScript compiled OK
31.12.2025 19:33:13 Intellious   ifw          IFW       NORMAL   [T:1074513984] 00000 - (ifw.Pipelines.DiscountPipeline1.Functions.Standard.FunctionPool.ApolloDiscountModule.Module) Discount module running in REALTIME mode
31.12.2025 19:33:13 Intellious   ifw          IFW       NORMAL   [T:1074513984] 00000 - (ifw.Pipelines.DiscountPipeline1.Functions.Standard.FunctionPool.ApolloDiscountModule.Module) Discount IScript compiled OK
31.12.2025 19:33:13 Intellious   ifw          IFW       NORMAL   [T:1074513984] 00000 - (ifw.Pipelines.RealtimePipelineGSM0.Functions.Standard.FunctionPool.ApolloDiscountModule.Module) Discount module running in REALTIME mode
31.12.2025 19:33:13 Intellious   ifw          IFW       NORMAL   [T:1074513984] 00000 - (ifw.Pipelines.RealtimePipelineGSM0.Functions.Standard.FunctionPool.ApolloDiscountModule.Module) Discount IScript compiled OK
31.12.2025 19:33:13 Intellious   ifw          IFW       NORMAL   [T:1074513984] 00000 - (ifw.Pipelines.RealtimePipelineGSM1.Functions.Standard.FunctionPool.ApolloDiscountModule.Module) Discount module running in REALTIME mode
31.12.2025 19:33:13 Intellious   ifw          IFW       NORMAL   [T:1074513984] 00000 - (ifw.Pipelines.RealtimePipelineGSM1.Functions.Standard.FunctionPool.ApolloDiscountModule.Module) Discount IScript compiled OK
31.12.2025 19:33:13 Intellious   ifw          IFW       NORMAL   [T:1074513984] 00000 - (ifw.Pipelines.RealtimePipelineGPRS0.Functions.Standard.FunctionPool.ApolloDiscountModule.Module) Discount module running in REALTIME mode
31.12.2025 19:33:13 Intellious   ifw          IFW       NORMAL   [T:1074513984] 00000 - (ifw.Pipelines.RealtimePipelineGPRS0.Functions.Standard.FunctionPool.ApolloDiscountModule.Module) Discount IScript compiled OK
31.12.2025 19:33:13 Intellious   ifw          IFW       NORMAL   [T:1074513984] 00000 - (ifw.Pipelines.RealtimePipelineGPRS1.Functions.Standard.FunctionPool.ApolloDiscountModule.Module) Discount module running in REALTIME mode
31.12.2025 19:33:13 Intellious   ifw          IFW       NORMAL   [T:1074513984] 00000 - (ifw.Pipelines.RealtimePipelineGPRS1.Functions.Standard.FunctionPool.ApolloDiscountModule.Module) Discount IScript compiled OK
31.12.2025 19:33:14 Intellious   ifw          IFW       NORMAL   [T:265565952] 00503 - (ifw.DataPool.RealtimePipeline.Module) Thread instance ID '265565952'; and Name 'ifw.DataPool.RealtimePipeline.Module'.
31.12.2025 19:33:19 Intellious   ifw          IFW       NORMAL   [T:265565952] 00092 - (ifw.Pipelines.DiscountPipeline0) The pipeline 'ifw.Pipelines.DiscountPipeline0' is started (active).
31.12.2025 19:33:19 Intellious   ifw          IFW       NORMAL   [T:265565952] 00092 - (ifw.Pipelines.DiscountPipeline1) The pipeline 'ifw.Pipelines.DiscountPipeline1' is started (active).
31.12.2025 19:33:19 Intellious   ifw          IFW       NORMAL   [T:265565952] 00092 - (ifw.Pipelines.RealtimePipelineGSM0) The pipeline 'ifw.Pipelines.RealtimePipelineGSM0' is started (active).
31.12.2025 19:33:19 Intellious   ifw          IFW       NORMAL   [T:265565952] 00092 - (ifw.Pipelines.RealtimePipelineGSM1) The pipeline 'ifw.Pipelines.RealtimePipelineGSM1' is started (active).
31.12.2025 19:33:19 Intellious   ifw          IFW       NORMAL   [T:265565952] 00092 - (ifw.Pipelines.RealtimePipelineGPRS0) The pipeline 'ifw.Pipelines.RealtimePipelineGPRS0' is started (active).
31.12.2025 19:33:19 Intellious   ifw          IFW       NORMAL   [T:265565952] 00092 - (ifw.Pipelines.RealtimePipelineGPRS1) The pipeline 'ifw.Pipelines.RealtimePipelineGPRS1' is started (active).
31.12.2025 19:33:19 Intellious   ifw          IFW       NORMAL   [T:265565952] 00092 - (ifw.Pipelines.RealtimePipelineZone0) The pipeline 'ifw.Pipelines.RealtimePipelineZone0' is started (active).
31.12.2025 19:33:19 Intellious   ifw          IFW       NORMAL   [T:265565952] 11010 - (ifw.DataPool.RealtimePipeline.Module) All Realtime Pipelines ready.
31.12.2025 19:33:19 Intellious   ifw          IFW       NORMAL   [T:265565952] 11006 - (ifw.DataPool.RealtimePipeline.Module.ThreadPool) TCP/IP Socket bind done for TCP/IP port '24000'.
